
                    Starting a new game of chess with the following pieces:
                    White: [['r, in row 0, column 0'], ['r, in row 0, column 7'], ['n, in row 0, column 1'], ['n, in row 0, column 6'], ['b, in row 0, column 2'], ['b, in row 0, column 5'], ['q, in row 0, column 4'], ['k, in row 0, column 3'], ['p, in row 1, column 0'], ['p, in row 1, column 1'], ['p, in row 1, column 2'], ['p, in row 1, column 3'], ['p, in row 1, column 4'], ['p, in row 1, column 5'], ['p, in row 1, column 6'], ['p, in row 1, column 7']]
                    Black: [['r, in row 7, column 0'], ['r, in row 7, column 7'], ['n, in row 7, column 1'], ['n, in row 7, column 6'], ['b, in row 7, column 2'], ['b, in row 7, column 5'], ['q, in row 7, column 4'], ['k, in row 7, column 3'], ['p, in row 6, column 0'], ['p, in row 6, column 1'], ['p, in row 6, column 2'], ['p, in row 6, column 3'], ['p, in row 6, column 4'], ['p, in row 6, column 5'], ['p, in row 6, column 6'], ['p, in row 6, column 7']]
                    Start player: White
                    

                    Starting a new game of chess with the following pieces:
                    White: [['r, in row 0, column 0'], ['r, in row 0, column 7'], ['n, in row 0, column 1'], ['n, in row 0, column 6'], ['b, in row 0, column 2'], ['b, in row 0, column 5'], ['q, in row 0, column 4'], ['k, in row 0, column 3'], ['p, in row 1, column 0'], ['p, in row 1, column 1'], ['p, in row 1, column 2'], ['p, in row 1, column 3'], ['p, in row 1, column 4'], ['p, in row 1, column 5'], ['p, in row 1, column 6'], ['p, in row 1, column 7']]
                    Black: [['r, in row 7, column 0'], ['r, in row 7, column 7'], ['n, in row 7, column 1'], ['n, in row 7, column 6'], ['b, in row 7, column 2'], ['b, in row 7, column 5'], ['q, in row 7, column 4'], ['k, in row 7, column 3'], ['p, in row 6, column 0'], ['p, in row 6, column 1'], ['p, in row 6, column 2'], ['p, in row 6, column 3'], ['p, in row 6, column 4'], ['p, in row 6, column 5'], ['p, in row 6, column 6'], ['p, in row 6, column 7']]
                    Start player: White
                    

                    Starting a new game of chess with the following pieces:
                    White: [['r, in row 0, column 0'], ['r, in row 0, column 7'], ['n, in row 0, column 1'], ['n, in row 0, column 6'], ['b, in row 0, column 2'], ['b, in row 0, column 5'], ['q, in row 0, column 4'], ['k, in row 0, column 3'], ['p, in row 1, column 0'], ['p, in row 1, column 1'], ['p, in row 1, column 2'], ['p, in row 1, column 3'], ['p, in row 1, column 4'], ['p, in row 1, column 5'], ['p, in row 1, column 6'], ['p, in row 1, column 7']]
                    Black: [['r, in row 7, column 0'], ['r, in row 7, column 7'], ['n, in row 7, column 1'], ['n, in row 7, column 6'], ['b, in row 7, column 2'], ['b, in row 7, column 5'], ['q, in row 7, column 4'], ['k, in row 7, column 3'], ['p, in row 6, column 0'], ['p, in row 6, column 1'], ['p, in row 6, column 2'], ['p, in row 6, column 3'], ['p, in row 6, column 4'], ['p, in row 6, column 5'], ['p, in row 6, column 6'], ['p, in row 6, column 7']]
                    Start player: White
                    
==================================================
                White: [['r, in row 0, column 0'], ['r, in row 0, column 7'], ['n, in row 0, column 1'], ['n, in row 0, column 6'], ['b, in row 0, column 2'], ['b, in row 0, column 5'], ['q, in row 0, column 4'], ['k, in row 0, column 3'], ['p, in row 1, column 0'], ['p, in row 1, column 1'], ['p, in row 2, column 2'], ['p, in row 1, column 3'], ['p, in row 1, column 4'], ['p, in row 1, column 5'], ['p, in row 1, column 6'], ['p, in row 1, column 7']]
                    Black: [['r, in row 7, column 0'], ['r, in row 7, column 7'], ['n, in row 7, column 1'], ['n, in row 7, column 6'], ['b, in row 7, column 2'], ['b, in row 7, column 5'], ['q, in row 7, column 4'], ['k, in row 7, column 3'], ['p, in row 6, column 0'], ['p, in row 6, column 1'], ['p, in row 6, column 2'], ['p, in row 6, column 3'], ['p, in row 6, column 4'], ['p, in row 6, column 5'], ['p, in row 6, column 6'], ['p, in row 6, column 7']]
                
==================================================
                White: [['r, in row 0, column 0'], ['r, in row 0, column 7'], ['n, in row 0, column 1'], ['n, in row 0, column 6'], ['b, in row 0, column 2'], ['b, in row 0, column 5'], ['q, in row 0, column 4'], ['k, in row 0, column 3'], ['p, in row 1, column 0'], ['p, in row 1, column 1'], ['p, in row 2, column 2'], ['p, in row 1, column 3'], ['p, in row 1, column 4'], ['p, in row 1, column 5'], ['p, in row 1, column 6'], ['p, in row 1, column 7']]
                    Black: [['r, in row 7, column 0'], ['r, in row 7, column 7'], ['n, in row 7, column 1'], ['n, in row 7, column 6'], ['b, in row 7, column 2'], ['b, in row 7, column 5'], ['q, in row 7, column 4'], ['k, in row 7, column 3'], ['p, in row 6, column 0'], ['p, in row 6, column 1'], ['p, in row 6, column 2'], ['p, in row 6, column 3'], ['p, in row 6, column 4'], ['p, in row 6, column 5'], ['p, in row 6, column 6'], ['p, in row 6, column 7']]
                
==================================================
                White: [['r, in row 0, column 0'], ['r, in row 0, column 7'], ['n, in row 0, column 1'], ['n, in row 0, column 6'], ['b, in row 0, column 2'], ['b, in row 0, column 5'], ['q, in row 0, column 4'], ['k, in row 0, column 3'], ['p, in row 1, column 0'], ['p, in row 1, column 1'], ['p, in row 2, column 2'], ['p, in row 1, column 3'], ['p, in row 1, column 4'], ['p, in row 1, column 5'], ['p, in row 1, column 6'], ['p, in row 1, column 7']]
                    Black: [['r, in row 7, column 0'], ['r, in row 7, column 7'], ['n, in row 7, column 1'], ['n, in row 7, column 6'], ['b, in row 7, column 2'], ['b, in row 7, column 5'], ['q, in row 7, column 4'], ['k, in row 7, column 3'], ['p, in row 6, column 0'], ['p, in row 6, column 1'], ['p, in row 6, column 2'], ['p, in row 4, column 3'], ['p, in row 6, column 4'], ['p, in row 6, column 5'], ['p, in row 6, column 6'], ['p, in row 6, column 7']]
                
==================================================
                White: [['r, in row 0, column 0'], ['r, in row 0, column 7'], ['n, in row 0, column 1'], ['n, in row 0, column 6'], ['b, in row 0, column 2'], ['b, in row 0, column 5'], ['q, in row 0, column 4'], ['k, in row 0, column 3'], ['p, in row 1, column 0'], ['p, in row 1, column 1'], ['p, in row 2, column 2'], ['p, in row 1, column 3'], ['p, in row 1, column 4'], ['p, in row 1, column 5'], ['p, in row 1, column 6'], ['p, in row 1, column 7']]
                    Black: [['r, in row 7, column 0'], ['r, in row 7, column 7'], ['n, in row 7, column 1'], ['n, in row 7, column 6'], ['b, in row 7, column 2'], ['b, in row 7, column 5'], ['q, in row 7, column 4'], ['k, in row 7, column 3'], ['p, in row 6, column 0'], ['p, in row 6, column 1'], ['p, in row 6, column 2'], ['p, in row 4, column 3'], ['p, in row 6, column 4'], ['p, in row 6, column 5'], ['p, in row 6, column 6'], ['p, in row 6, column 7']]
                
